[INFO] Scanning for projects...
[INFO] 
[INFO] ---------------------------< com.hireus:api >---------------------------
[INFO] Building api 0.0.1-SNAPSHOT
[INFO]   from pom.xml
[INFO] --------------------------------[ jar ]---------------------------------
[INFO] 
[INFO] >>> spring-boot:4.0.5:run (default-cli) > test-compile @ api >>>
[INFO] 
[INFO] --- resources:3.3.1:resources (default-resources) @ api ---
[INFO] Copying 1 resource from src\main\resources to target\classes
[INFO] Copying 0 resource from src\main\resources to target\classes
[INFO] 
[INFO] --- compiler:3.14.1:compile (default-compile) @ api ---
[INFO] Nothing to compile - all classes are up to date.
[INFO] 
[INFO] --- resources:3.3.1:testResources (default-testResources) @ api ---
[INFO] skip non existing resourceDirectory C:\Users\CHAITANYA\Desktop\HireUS\hireus-api\src\test\resources
[INFO] 
[INFO] --- compiler:3.14.1:testCompile (default-testCompile) @ api ---
[INFO] Nothing to compile - all classes are up to date.
[INFO] 
[INFO] <<< spring-boot:4.0.5:run (default-cli) < test-compile @ api <<<
[INFO] 
[INFO] 
[INFO] --- spring-boot:4.0.5:run (default-cli) @ api ---
[INFO] Attaching agents: []

  .   ____          _            __ _ _
 /\\ / ___'_ __ _ _(_)_ __  __ _ \ \ \ \
( ( )\___ | '_ | '_| | '_ \/ _` | \ \ \ \
 \\/  ___)| |_)| | | | | || (_| |  ) ) ) )
  '  |____| .__|_| |_|_| |_\__, | / / / /
 =========|_|==============|___/=/_/_/_/

 :: Spring Boot ::                (v4.0.5)

2026-03-31T14:10:25.040+05:30  INFO 14984 --- [hireus-api] [           main] com.hireus.api.ApiApplication            : Starting ApiApplication using Java 25.0.1 with PID 14984 (C:\Users\CHAITANYA\Desktop\HireUS\hireus-api\target\classes started by CHAITANYA in C:\Users\CHAITANYA\Desktop\HireUS\hireus-api)
2026-03-31T14:10:25.043+05:30  INFO 14984 --- [hireus-api] [           main] com.hireus.api.ApiApplication            : No active profile set, falling back to 1 default profile: "default"
2026-03-31T14:10:25.780+05:30  INFO 14984 --- [hireus-api] [           main] .s.d.r.c.RepositoryConfigurationDelegate : Multiple Spring Data modules found, entering strict repository configuration mode
2026-03-31T14:10:25.781+05:30  INFO 14984 --- [hireus-api] [           main] .s.d.r.c.RepositoryConfigurationDelegate : Bootstrapping Spring Data JPA repositories in DEFAULT mode.
2026-03-31T14:10:25.892+05:30  INFO 14984 --- [hireus-api] [           main] .s.d.r.c.RepositoryConfigurationDelegate : Finished Spring Data repository scanning in 103 ms. Found 3 JPA repository interfaces.
2026-03-31T14:10:25.903+05:30  INFO 14984 --- [hireus-api] [           main] .s.d.r.c.RepositoryConfigurationDelegate : Multiple Spring Data modules found, entering strict repository configuration mode
2026-03-31T14:10:25.905+05:30  INFO 14984 --- [hireus-api] [           main] .s.d.r.c.RepositoryConfigurationDelegate : Bootstrapping Spring Data Redis repositories in DEFAULT mode.
2026-03-31T14:10:25.917+05:30  INFO 14984 --- [hireus-api] [           main] .RepositoryConfigurationExtensionSupport : Spring Data Redis - Could not safely identify store assignment for repository candidate interface com.hireus.api.repository.ApplicationRepository; If you want this repository to be a Redis repository, consider annotating your entities with one of these annotations: org.springframework.data.redis.core.RedisHash (preferred), or consider extending one of the following types with your repository: org.springframework.data.keyvalue.repository.KeyValueRepository
2026-03-31T14:10:25.917+05:30  INFO 14984 --- [hireus-api] [           main] .RepositoryConfigurationExtensionSupport : Spring Data Redis - Could not safely identify store assignment for repository candidate interface com.hireus.api.repository.JobRepository; If you want this repository to be a Redis repository, consider annotating your entities with one of these annotations: org.springframework.data.redis.core.RedisHash (preferred), or consider extending one of the following types with your repository: org.springframework.data.keyvalue.repository.KeyValueRepository
2026-03-31T14:10:25.917+05:30  INFO 14984 --- [hireus-api] [           main] .RepositoryConfigurationExtensionSupport : Spring Data Redis - Could not safely identify store assignment for repository candidate interface com.hireus.api.repository.UserRepository; If you want this repository to be a Redis repository, consider annotating your entities with one of these annotations: org.springframework.data.redis.core.RedisHash (preferred), or consider extending one of the following types with your repository: org.springframework.data.keyvalue.repository.KeyValueRepository
2026-03-31T14:10:25.917+05:30  INFO 14984 --- [hireus-api] [           main] .s.d.r.c.RepositoryConfigurationDelegate : Finished Spring Data repository scanning in 5 ms. Found 0 Redis repository interfaces.
2026-03-31T14:10:26.338+05:30  INFO 14984 --- [hireus-api] [           main] o.s.boot.tomcat.TomcatWebServer          : Tomcat initialized with port 8080 (http)
2026-03-31T14:10:26.348+05:30  INFO 14984 --- [hireus-api] [           main] o.apache.catalina.core.StandardService   : Starting service [Tomcat]
2026-03-31T14:10:26.348+05:30  INFO 14984 --- [hireus-api] [           main] o.apache.catalina.core.StandardEngine    : Starting Servlet engine: [Apache Tomcat/11.0.20]
2026-03-31T14:10:26.402+05:30  INFO 14984 --- [hireus-api] [           main] b.w.c.s.WebApplicationContextInitializer : Root WebApplicationContext: initialization completed in 1315 ms
2026-03-31T14:10:26.745+05:30  INFO 14984 --- [hireus-api] [           main] org.hibernate.orm.jpa                    : HHH008540: Processing PersistenceUnitInfo [name: default]
2026-03-31T14:10:26.786+05:30  INFO 14984 --- [hireus-api] [           main] org.hibernate.orm.core                   : HHH000001: Hibernate ORM core version 7.2.7.Final
2026-03-31T14:10:27.140+05:30  INFO 14984 --- [hireus-api] [           main] o.s.o.j.p.SpringPersistenceUnitInfo      : No LoadTimeWeaver setup: ignoring JPA class transformer
2026-03-31T14:10:27.165+05:30  INFO 14984 --- [hireus-api] [           main] com.zaxxer.hikari.HikariDataSource       : HikariPool-1 - Starting...
2026-03-31T14:10:29.657+05:30  INFO 14984 --- [hireus-api] [           main] com.zaxxer.hikari.pool.HikariPool        : HikariPool-1 - Added connection org.postgresql.jdbc.PgConnection@37c45154
2026-03-31T14:10:29.659+05:30  INFO 14984 --- [hireus-api] [           main] com.zaxxer.hikari.HikariDataSource       : HikariPool-1 - Start completed.
2026-03-31T14:10:31.221+05:30  INFO 14984 --- [hireus-api] [           main] org.hibernate.orm.connections.pooling    : HHH10001005: Database info:
	Database JDBC URL [jdbc:postgresql://ep-ancient-night-amhxlpyh-pooler.c-5.us-east-1.aws.neon.tech/neondb?sslmode=require]
	Database driver: PostgreSQL JDBC Driver
	Database dialect: PostgreSQLDialect
	Database version: 17.8
	Default catalog/schema: neondb/public
	Autocommit mode: undefined/unknown
	Isolation level: READ_COMMITTED [default READ_COMMITTED]
	JDBC fetch size: none
	Pool: DataSourceConnectionProvider
	Minimum pool size: undefined/unknown
	Maximum pool size: undefined/unknown
2026-03-31T14:10:31.845+05:30  INFO 14984 --- [hireus-api] [           main] org.hibernate.orm.core                   : HHH000489: No JTA platform available (set 'hibernate.transaction.jta.platform' to enable JTA platform integration)
2026-03-31T14:10:33.087+05:30  INFO 14984 --- [hireus-api] [           main] j.LocalContainerEntityManagerFactoryBean : Initialized JPA EntityManagerFactory for persistence unit 'default'
2026-03-31T14:10:33.145+05:30  INFO 14984 --- [hireus-api] [           main] o.s.d.j.r.query.QueryEnhancerFactories   : Hibernate is in classpath; If applicable, HQL parser will be used.
2026-03-31T14:10:33.427+05:30  WARN 14984 --- [hireus-api] [           main] JpaBaseConfiguration$JpaWebConfiguration : spring.jpa.open-in-view is enabled by default. Therefore, database queries may be performed during view rendering. Explicitly configure spring.jpa.open-in-view to disable this warning
2026-03-31T14:10:33.492+05:30  WARN 14984 --- [hireus-api] [           main] .s.a.UserDetailsServiceAutoConfiguration : 

Using generated security password: 44da5cfc-2005-4272-99f5-3ea2b0aedb9a

This generated password is for development use only. Your security configuration must be updated before running your application in production.

2026-03-31T14:10:33.497+05:30  INFO 14984 --- [hireus-api] [           main] r$InitializeUserDetailsManagerConfigurer : Global AuthenticationManager configured with UserDetailsService bean with name inMemoryUserDetailsManager
2026-03-31T14:10:33.957+05:30  INFO 14984 --- [hireus-api] [           main] o.s.boot.tomcat.TomcatWebServer          : Tomcat started on port 8080 (http) with context path '/'
2026-03-31T14:10:33.964+05:30  INFO 14984 --- [hireus-api] [           main] com.hireus.api.ApiApplication            : Started ApiApplication in 9.295 seconds (process running for 9.646)
2026-03-31T14:10:59.200+05:30  INFO 14984 --- [hireus-api] [ionShutdownHook] o.s.boot.tomcat.GracefulShutdown         : Commencing graceful shutdown. Waiting for active requests to complete
2026-03-31T14:10:59.207+05:30  INFO 14984 --- [hireus-api] [tomcat-shutdown] o.s.boot.tomcat.GracefulShutdown         : Graceful shutdown complete
2026-03-31T14:10:59.215+05:30  INFO 14984 --- [hireus-api] [ionShutdownHook] j.LocalContainerEntityManagerFactoryBean : Closing JPA EntityManagerFactory for persistence unit 'default'
2026-03-31T14:10:59.216+05:30  INFO 14984 --- [hireus-api] [ionShutdownHook] com.zaxxer.hikari.HikariDataSource       : HikariPool-1 - Shutdown initiated...
2026-03-31T14:11:01.863+05:30  INFO 14984 --- [hireus-api] [ionShutdownHook] com.zaxxer.hikari.HikariDataSource       : HikariPool-1 - Shutdown completed.
[INFO] ------------------------------------------------------------------------
[INFO] BUILD SUCCESS
[INFO] ------------------------------------------------------------------------
[INFO] Total time:  39.440 s
[INFO] Finished at: 2026-03-31T14:11:02+05:30
[INFO] ------------------------------------------------------------------------
Terminate batch job (Y/N)? 