[INFO] Scanning for projects...
[INFO] 
[INFO] ---------------------------< com.hireus:api >---------------------------
[INFO] Building api 0.0.1-SNAPSHOT
[INFO]   from pom.xml
[INFO] --------------------------------[ jar ]---------------------------------
[INFO] 
[INFO] >>> spring-boot:4.0.5:run (default-cli) > test-compile @ api >>>
[INFO] 
[INFO] --- resources:3.3.1:resources (default-resources) @ api ---
[INFO] Copying 1 resource from src\main\resources to target\classes
[INFO] Copying 0 resource from src\main\resources to target\classes
[INFO] 
[INFO] --- compiler:3.14.1:compile (default-compile) @ api ---
[INFO] Nothing to compile - all classes are up to date.
[INFO] 
[INFO] --- resources:3.3.1:testResources (default-testResources) @ api ---
[INFO] skip non existing resourceDirectory C:\Users\CHAITANYA\Desktop\HireUS\hireus-api\src\test\resources
[INFO] 
[INFO] --- compiler:3.14.1:testCompile (default-testCompile) @ api ---
[INFO] Nothing to compile - all classes are up to date.
[INFO] 
[INFO] <<< spring-boot:4.0.5:run (default-cli) < test-compile @ api <<<
[INFO] 
[INFO] 
[INFO] --- spring-boot:4.0.5:run (default-cli) @ api ---
[INFO] Attaching agents: []

  .   ____          _            __ _ _
 /\\ / ___'_ __ _ _(_)_ __  __ _ \ \ \ \
( ( )\___ | '_ | '_| | '_ \/ _` | \ \ \ \
 \\/  ___)| |_)| | | | | || (_| |  ) ) ) )
  '  |____| .__|_| |_|_| |_\__, | / / / /
 =========|_|==============|___/=/_/_/_/

 :: Spring Boot ::                (v4.0.5)

2026-03-31T14:09:22.737+05:30  INFO 13476 --- [hireus-api] [           main] com.hireus.api.ApiApplication            : Starting ApiApplication using Java 25.0.1 with PID 13476 (C:\Users\CHAITANYA\Desktop\HireUS\hireus-api\target\classes started by CHAITANYA in C:\Users\CHAITANYA\Desktop\HireUS\hireus-api)
2026-03-31T14:09:22.739+05:30  INFO 13476 --- [hireus-api] [           main] com.hireus.api.ApiApplication            : No active profile set, falling back to 1 default profile: "default"
2026-03-31T14:09:23.394+05:30  INFO 13476 --- [hireus-api] [           main] .s.d.r.c.RepositoryConfigurationDelegate : Multiple Spring Data modules found, entering strict repository configuration mode
2026-03-31T14:09:23.395+05:30  INFO 13476 --- [hireus-api] [           main] .s.d.r.c.RepositoryConfigurationDelegate : Bootstrapping Spring Data JPA repositories in DEFAULT mode.
2026-03-31T14:09:23.504+05:30  INFO 13476 --- [hireus-api] [           main] .s.d.r.c.RepositoryConfigurationDelegate : Finished Spring Data repository scanning in 102 ms. Found 3 JPA repository interfaces.
2026-03-31T14:09:23.532+05:30  INFO 13476 --- [hireus-api] [           main] .s.d.r.c.RepositoryConfigurationDelegate : Multiple Spring Data modules found, entering strict repository configuration mode
2026-03-31T14:09:23.532+05:30  INFO 13476 --- [hireus-api] [           main] .s.d.r.c.RepositoryConfigurationDelegate : Bootstrapping Spring Data Redis repositories in DEFAULT mode.
2026-03-31T14:09:23.544+05:30  INFO 13476 --- [hireus-api] [           main] .RepositoryConfigurationExtensionSupport : Spring Data Redis - Could not safely identify store assignment for repository candidate interface com.hireus.api.repository.ApplicationRepository; If you want this repository to be a Redis repository, consider annotating your entities with one of these annotations: org.springframework.data.redis.core.RedisHash (preferred), or consider extending one of the following types with your repository: org.springframework.data.keyvalue.repository.KeyValueRepository
2026-03-31T14:09:23.545+05:30  INFO 13476 --- [hireus-api] [           main] .RepositoryConfigurationExtensionSupport : Spring Data Redis - Could not safely identify store assignment for repository candidate interface com.hireus.api.repository.JobRepository; If you want this repository to be a Redis repository, consider annotating your entities with one of these annotations: org.springframework.data.redis.core.RedisHash (preferred), or consider extending one of the following types with your repository: org.springframework.data.keyvalue.repository.KeyValueRepository
2026-03-31T14:09:23.545+05:30  INFO 13476 --- [hireus-api] [           main] .RepositoryConfigurationExtensionSupport : Spring Data Redis - Could not safely identify store assignment for repository candidate interface com.hireus.api.repository.UserRepository; If you want this repository to be a Redis repository, consider annotating your entities with one of these annotations: org.springframework.data.redis.core.RedisHash (preferred), or consider extending one of the following types with your repository: org.springframework.data.keyvalue.repository.KeyValueRepository
2026-03-31T14:09:23.545+05:30  INFO 13476 --- [hireus-api] [           main] .s.d.r.c.RepositoryConfigurationDelegate : Finished Spring Data repository scanning in 5 ms. Found 0 Redis repository interfaces.
2026-03-31T14:09:23.975+05:30  INFO 13476 --- [hireus-api] [           main] o.s.boot.tomcat.TomcatWebServer          : Tomcat initialized with port 8080 (http)
2026-03-31T14:09:23.988+05:30  INFO 13476 --- [hireus-api] [           main] o.apache.catalina.core.StandardService   : Starting service [Tomcat]
2026-03-31T14:09:23.988+05:30  INFO 13476 --- [hireus-api] [           main] o.apache.catalina.core.StandardEngine    : Starting Servlet engine: [Apache Tomcat/11.0.20]
2026-03-31T14:09:24.045+05:30  INFO 13476 --- [hireus-api] [           main] b.w.c.s.WebApplicationContextInitializer : Root WebApplicationContext: initialization completed in 1258 ms
2026-03-31T14:09:24.194+05:30  INFO 13476 --- [hireus-api] [           main] org.hibernate.orm.jpa                    : HHH008540: Processing PersistenceUnitInfo [name: default]
2026-03-31T14:09:24.233+05:30  INFO 13476 --- [hireus-api] [           main] org.hibernate.orm.core                   : HHH000001: Hibernate ORM core version 7.2.7.Final
2026-03-31T14:09:24.572+05:30  INFO 13476 --- [hireus-api] [           main] o.s.o.j.p.SpringPersistenceUnitInfo      : No LoadTimeWeaver setup: ignoring JPA class transformer
2026-03-31T14:09:24.595+05:30  INFO 13476 --- [hireus-api] [           main] com.zaxxer.hikari.HikariDataSource       : HikariPool-1 - Starting...
2026-03-31T14:09:27.591+05:30  INFO 13476 --- [hireus-api] [           main] com.zaxxer.hikari.pool.HikariPool        : HikariPool-1 - Added connection org.postgresql.jdbc.PgConnection@53551fef
2026-03-31T14:09:27.593+05:30  INFO 13476 --- [hireus-api] [           main] com.zaxxer.hikari.HikariDataSource       : HikariPool-1 - Start completed.
2026-03-31T14:09:29.077+05:30  INFO 13476 --- [hireus-api] [           main] org.hibernate.orm.connections.pooling    : HHH10001005: Database info:
	Database JDBC URL [jdbc:postgresql://ep-ancient-night-amhxlpyh-pooler.c-5.us-east-1.aws.neon.tech/neondb?sslmode=require]
	Database driver: PostgreSQL JDBC Driver
	Database dialect: PostgreSQLDialect
	Database version: 17.8
	Default catalog/schema: neondb/public
	Autocommit mode: undefined/unknown
	Isolation level: READ_COMMITTED [default READ_COMMITTED]
	JDBC fetch size: none
	Pool: DataSourceConnectionProvider
	Minimum pool size: undefined/unknown
	Maximum pool size: undefined/unknown
2026-03-31T14:09:29.740+05:30  INFO 13476 --- [hireus-api] [           main] org.hibernate.orm.core                   : HHH000489: No JTA platform available (set 'hibernate.transaction.jta.platform' to enable JTA platform integration)
Hibernate: 
    create table tb_application (
        id bigint generated by default as identity,
        applied_at timestamp(6),
        candidate_id bigint,
        job_id bigint,
        status varchar(255) check ((status in ('APPLIED','INTERVIEW','REJECTED','ACCEPTED'))),
        primary key (id)
    )
Hibernate: 
    create table tb_job (
        id bigint generated by default as identity,
        created_at timestamp(6),
        description varchar(255),
        location varchar(255),
        recruiter_id bigint,
        salary float(53),
        title varchar(255),
        primary key (id)
    )
Hibernate: 
    create table tb_user (
        id bigint generated by default as identity,
        email varchar(255),
        password_hash varchar(255),
        role varchar(255) check ((role in ('CANDIDATE','RECRUITER'))),
        username varchar(255),
        primary key (id)
    )
Hibernate: 
    alter table if exists tb_user 
       drop constraint if exists UK4wv83hfajry5tdoamn8wsqa6x
2026-03-31T14:09:31.752+05:30  WARN 13476 --- [hireus-api] [           main] org.hibernate.orm.jdbc.warn              : HHH000247: ErrorCode: 0, SQLState: 00000
2026-03-31T14:09:31.752+05:30  WARN 13476 --- [hireus-api] [           main] org.hibernate.orm.jdbc.warn              : constraint "uk4wv83hfajry5tdoamn8wsqa6x" of relation "tb_user" does not exist, skipping
Hibernate: 
    alter table if exists tb_user 
       add constraint UK4wv83hfajry5tdoamn8wsqa6x unique (username)
2026-03-31T14:09:31.990+05:30  INFO 13476 --- [hireus-api] [           main] j.LocalContainerEntityManagerFactoryBean : Initialized JPA EntityManagerFactory for persistence unit 'default'
2026-03-31T14:09:32.049+05:30  INFO 13476 --- [hireus-api] [           main] o.s.d.j.r.query.QueryEnhancerFactories   : Hibernate is in classpath; If applicable, HQL parser will be used.
2026-03-31T14:09:32.554+05:30  WARN 13476 --- [hireus-api] [           main] JpaBaseConfiguration$JpaWebConfiguration : spring.jpa.open-in-view is enabled by default. Therefore, database queries may be performed during view rendering. Explicitly configure spring.jpa.open-in-view to disable this warning
2026-03-31T14:09:32.639+05:30  WARN 13476 --- [hireus-api] [           main] .s.a.UserDetailsServiceAutoConfiguration : 

Using generated security password: 7aae68e6-4d3c-44f0-9a66-35736c61e420

This generated password is for development use only. Your security configuration must be updated before running your application in production.

2026-03-31T14:09:32.647+05:30  INFO 13476 --- [hireus-api] [           main] r$InitializeUserDetailsManagerConfigurer : Global AuthenticationManager configured with UserDetailsService bean with name inMemoryUserDetailsManager
2026-03-31T14:09:33.181+05:30  WARN 13476 --- [hireus-api] [           main] ConfigServletWebServerApplicationContext : Exception encountered during context initialization - cancelling refresh attempt: org.springframework.beans.factory.NoSuchBeanDefinitionException: No qualifying bean of type 'org.springframework.cache.CacheManager' available: no CacheResolver specified - register a CacheManager bean or remove the @EnableCaching annotation from your configuration.
2026-03-31T14:09:33.191+05:30  INFO 13476 --- [hireus-api] [           main] j.LocalContainerEntityManagerFactoryBean : Closing JPA EntityManagerFactory for persistence unit 'default'
2026-03-31T14:09:33.194+05:30  INFO 13476 --- [hireus-api] [           main] com.zaxxer.hikari.HikariDataSource       : HikariPool-1 - Shutdown initiated...
2026-03-31T14:09:34.828+05:30  INFO 13476 --- [hireus-api] [           main] com.zaxxer.hikari.HikariDataSource       : HikariPool-1 - Shutdown completed.
2026-03-31T14:09:34.830+05:30  INFO 13476 --- [hireus-api] [           main] o.apache.catalina.core.StandardService   : Stopping service [Tomcat]
2026-03-31T14:09:34.839+05:30  INFO 13476 --- [hireus-api] [           main] .s.b.a.l.ConditionEvaluationReportLogger : 

Error starting ApplicationContext. To display the condition evaluation report re-run your application with 'debug' enabled.
2026-03-31T14:09:34.869+05:30 ERROR 13476 --- [hireus-api] [           main] o.s.b.d.LoggingFailureAnalysisReporter   : 

***************************
APPLICATION FAILED TO START
***************************

Description:

A component required a bean of type 'org.springframework.cache.CacheManager' that could not be found.


Action:

Consider defining a bean of type 'org.springframework.cache.CacheManager' in your configuration.

[INFO] ------------------------------------------------------------------------
[INFO] BUILD FAILURE
[INFO] ------------------------------------------------------------------------
[INFO] Total time:  14.692 s
[INFO] Finished at: 2026-03-31T14:09:35+05:30
[INFO] ------------------------------------------------------------------------
[ERROR] Failed to execute goal org.springframework.boot:spring-boot-maven-plugin:4.0.5:run (default-cli) on project api: Process terminated with exit code: 1 -> [Help 1]
[ERROR] 
[ERROR] To see the full stack trace of the errors, re-run Maven with the -e switch.
[ERROR] Re-run Maven using the -X switch to enable full debug logging.
[ERROR] 
[ERROR] For more information about the errors and possible solutions, please read the following articles:
[ERROR] [Help 1] http://cwiki.apache.org/confluence/display/MAVEN/MojoExecutionException
